# JRE version: OpenJDK Runtime Environment (11.0.13) (build 11.0.13+0-b1751.21-8125866)
# Java VM: OpenJDK 64-Bit Server VM (11.0.13+0-b1751.21-8125866, mixed mode, tiered, compressed oops, g1 gc, windows-amd64)
Heap:
 garbage-first heap   total 231424K, used 128749K [0x0000000080000000, 0x0000000100000000)
  region size 1024K, 6 young (6144K), 6 survivors (6144K)
 Metaspace       used 105822K, capacity 108804K, committed 109116K, reserved 1144832K
  class space    used 13532K, capacity 14673K, committed 14796K, reserved 1048576K
GC Heap History (20 events):
Event: 38.065 GC heap after
{Heap after GC invocations=54 (full 0):
 garbage-first heap   total 145408K, used 89879K [0x0000000080000000, 0x0000000100000000)
  region size 1024K, 2 young (2048K), 2 survivors (2048K)
 Metaspace       used 102737K, capacity 105300K, committed 105404K, reserved 1140736K
  class space    used 13131K, capacity 14116K, committed 14156K, reserved 1048576K
}
Event: 38.721 GC heap before
{Heap before GC invocations=55 (full 0):
 garbage-first heap   total 145408K, used 121623K [0x0000000080000000, 0x0000000100000000)
  region size 1024K, 33 young (33792K), 2 survivors (2048K)
 Metaspace       used 102760K, capacity 105301K, committed 105404K, reserved 1140736K
  class space    used 13131K, capacity 14116K, committed 14156K, reserved 1048576K
}
Event: 38.729 GC heap after
{Heap after GC invocations=56 (full 0):
 garbage-first heap   total 145408K, used 89869K [0x0000000080000000, 0x0000000100000000)
  region size 1024K, 2 young (2048K), 2 survivors (2048K)
 Metaspace       used 102760K, capacity 105301K, committed 105404K, reserved 1140736K
  class space    used 13131K, capacity 14116K, committed 14156K, reserved 1048576K
}
Event: 39.202 GC heap before
{Heap before GC invocations=56 (full 0):
 garbage-first heap   total 145408K, used 121613K [0x0000000080000000, 0x0000000100000000)
  region size 1024K, 33 young (33792K), 2 survivors (2048K)
 Metaspace       used 102810K, capacity 105368K, committed 105660K, reserved 1140736K
  class space    used 13136K, capacity 14116K, committed 14156K, reserved 1048576K
}
Event: 39.208 GC heap after
{Heap after GC invocations=57 (full 0):
 garbage-first heap   total 145408K, used 90091K [0x0000000080000000, 0x0000000100000000)
  region size 1024K, 2 young (2048K), 2 survivors (2048K)
 Metaspace       used 102810K, capacity 105368K, committed 105660K, reserved 1140736K
  class space    used 13136K, capacity 14116K, committed 14156K, reserved 1048576K
}
Event: 39.842 GC heap before
{Heap before GC invocations=58 (full 0):
 garbage-first heap   total 145408K, used 122859K [0x0000000080000000, 0x0000000100000000)
  region size 1024K, 34 young (34816K), 2 survivors (2048K)
 Metaspace       used 102851K, capacity 105451K, committed 105660K, reserved 1140736K
  class space    used 13139K, capacity 14121K, committed 14156K, reserved 1048576K
}
Event: 39.848 GC heap after
{Heap after GC invocations=59 (full 0):
 garbage-first heap   total 145408K, used 90130K [0x0000000080000000, 0x0000000100000000)
  region size 1024K, 2 young (2048K), 2 survivors (2048K)
 Metaspace       used 102851K, capacity 105451K, committed 105660K, reserved 1140736K
  class space    used 13139K, capacity 14121K, committed 14156K, reserved 1048576K
}
Event: 40.114 GC heap before
{Heap before GC invocations=59 (full 0):
 garbage-first heap   total 145408K, used 122898K [0x0000000080000000, 0x0000000100000000)
  region size 1024K, 34 young (34816K), 2 survivors (2048K)
 Metaspace       used 102879K, capacity 105452K, committed 105660K, reserved 1140736K
  class space    used 13139K, capacity 14121K, committed 14156K, reserved 1048576K
}
Event: 40.123 GC heap after
{Heap after GC invocations=60 (full 0):
 garbage-first heap   total 145408K, used 90431K [0x0000000080000000, 0x0000000100000000)
  region size 1024K, 3 young (3072K), 3 survivors (3072K)
 Metaspace       used 102879K, capacity 105452K, committed 105660K, reserved 1140736K
  class space    used 13139K, capacity 14121K, committed 14156K, reserved 1048576K
}
Event: 40.633 GC heap before
{Heap before GC invocations=61 (full 0):
 garbage-first heap   total 145408K, used 123199K [0x0000000080000000, 0x0000000100000000)
  region size 1024K, 35 young (35840K), 3 survivors (3072K)
 Metaspace       used 102908K, capacity 105517K, committed 105660K, reserved 1140736K
  class space    used 13139K, capacity 14121K, committed 14156K, reserved 1048576K
}
Event: 40.642 GC heap after
{Heap after GC invocations=62 (full 0):
 garbage-first heap   total 175104K, used 90439K [0x0000000080000000, 0x0000000100000000)
  region size 1024K, 3 young (3072K), 3 survivors (3072K)
 Metaspace       used 102908K, capacity 105517K, committed 105660K, reserved 1140736K
  class space    used 13139K, capacity 14121K, committed 14156K, reserved 1048576K
}
Event: 41.248 GC heap before
{Heap before GC invocations=62 (full 0):
 garbage-first heap   total 175104K, used 136519K [0x0000000080000000, 0x0000000100000000)
  region size 1024K, 48 young (49152K), 3 survivors (3072K)
 Metaspace       used 102929K, capacity 105518K, committed 105660K, reserved 1140736K
  class space    used 13139K, capacity 14121K, committed 14156K, reserved 1048576K
}
Event: 41.254 GC heap after
{Heap after GC invocations=63 (full 0):
 garbage-first heap   total 175104K, used 90566K [0x0000000080000000, 0x0000000100000000)
  region size 1024K, 2 young (2048K), 2 survivors (2048K)
 Metaspace       used 102929K, capacity 105518K, committed 105660K, reserved 1140736K
  class space    used 13139K, capacity 14121K, committed 14156K, reserved 1048576K
}
Event: 42.825 GC heap before
{Heap before GC invocations=64 (full 0):
 garbage-first heap   total 175104K, used 131526K [0x0000000080000000, 0x0000000100000000)
  region size 1024K, 43 young (44032K), 2 survivors (2048K)
 Metaspace       used 104783K, capacity 107608K, committed 107836K, reserved 1142784K
  class space    used 13388K, capacity 14467K, committed 14540K, reserved 1048576K
}
Event: 42.837 GC heap after
{Heap after GC invocations=65 (full 0):
 garbage-first heap   total 175104K, used 92289K [0x0000000080000000, 0x0000000100000000)
  region size 1024K, 4 young (4096K), 4 survivors (4096K)
 Metaspace       used 104783K, capacity 107608K, committed 107836K, reserved 1142784K
  class space    used 13388K, capacity 14467K, committed 14540K, reserved 1048576K
}
Event: 43.322 GC heap before
{Heap before GC invocations=66 (full 0):
 garbage-first heap   total 175104K, used 103553K [0x0000000080000000, 0x0000000100000000)
  region size 1024K, 15 young (15360K), 4 survivors (4096K)
 Metaspace       used 105279K, capacity 108132K, committed 108476K, reserved 1142784K
  class space    used 13457K, capacity 14561K, committed 14668K, reserved 1048576K
}
Event: 43.332 GC heap after
{Heap after GC invocations=67 (full 0):
 garbage-first heap   total 175104K, used 90669K [0x0000000080000000, 0x0000000100000000)
  region size 1024K, 2 young (2048K), 2 survivors (2048K)
 Metaspace       used 105279K, capacity 108132K, committed 108476K, reserved 1142784K
  class space    used 13457K, capacity 14561K, committed 14668K, reserved 1048576K
}
Event: 43.537 GC heap before
{Heap before GC invocations=68 (full 0):
 garbage-first heap   total 175104K, used 96813K [0x0000000080000000, 0x0000000100000000)
  region size 1024K, 6 young (6144K), 2 survivors (2048K)
 Metaspace       used 105301K, capacity 108132K, committed 108476K, reserved 1142784K
  class space    used 13460K, capacity 14561K, committed 14668K, reserved 1048576K
}
Event: 43.546 GC heap after
{Heap after GC invocations=69 (full 0):
 garbage-first heap   total 175104K, used 97127K [0x0000000080000000, 0x0000000100000000)
  region size 1024K, 4 young (4096K), 4 survivors (4096K)
 Metaspace       used 105301K, capacity 108132K, committed 108476K, reserved 1142784K
  class space    used 13460K, capacity 14561K, committed 14668K, reserved 1048576K
}
Event: 44.034 GC heap before
{Heap before GC invocations=70 (full 0):
 garbage-first heap   total 175104K, used 173927K [0x0000000080000000, 0x0000000100000000)
  region size 1024K, 45 young (46080K), 4 survivors (4096K)
 Metaspace       used 105822K, capacity 108804K, committed 109116K, reserved 1144832K
  class space    used 13532K, capacity 14673K, committed 14796K, reserved 1048576K
}

