# JRE version: OpenJDK Runtime Environment (11.0.13) (build 11.0.13+0-b1751.21-8125866)
# Java VM: OpenJDK 64-Bit Server VM (11.0.13+0-b1751.21-8125866, mixed mode, tiered, compressed oops, g1 gc, windows-amd64)
Heap:
 garbage-first heap   total 305152K, used 102190K [0x0000000080000000, 0x0000000100000000)
  region size 1024K, 3 young (3072K), 3 survivors (3072K)
 Metaspace       used 105440K, capacity 108310K, committed 108476K, reserved 1142784K
  class space    used 13459K, capacity 14577K, committed 14668K, reserved 1048576K
GC Heap History (20 events):
Event: 47.441 GC heap after
{Heap after GC invocations=52 (full 0):
 garbage-first heap   total 175104K, used 100201K [0x0000000080000000, 0x0000000100000000)
  region size 1024K, 2 young (2048K), 2 survivors (2048K)
 Metaspace       used 102515K, capacity 105145K, committed 105532K, reserved 1140736K
  class space    used 13150K, capacity 14156K, committed 14284K, reserved 1048576K
}
Event: 47.809 GC heap before
{Heap before GC invocations=53 (full 0):
 garbage-first heap   total 175104K, used 139113K [0x0000000080000000, 0x0000000100000000)
  region size 1024K, 40 young (40960K), 2 survivors (2048K)
 Metaspace       used 102613K, capacity 105218K, committed 105532K, reserved 1140736K
  class space    used 13151K, capacity 14158K, committed 14284K, reserved 1048576K
}
Event: 47.817 GC heap after
{Heap after GC invocations=54 (full 0):
 garbage-first heap   total 210944K, used 100330K [0x0000000080000000, 0x0000000100000000)
  region size 1024K, 2 young (2048K), 2 survivors (2048K)
 Metaspace       used 102613K, capacity 105218K, committed 105532K, reserved 1140736K
  class space    used 13151K, capacity 14158K, committed 14284K, reserved 1048576K
}
Event: 48.159 GC heap before
{Heap before GC invocations=54 (full 0):
 garbage-first heap   total 210944K, used 157674K [0x0000000080000000, 0x0000000100000000)
  region size 1024K, 58 young (59392K), 2 survivors (2048K)
 Metaspace       used 102743K, capacity 105362K, committed 105532K, reserved 1140736K
  class space    used 13153K, capacity 14161K, committed 14284K, reserved 1048576K
}
Event: 48.164 GC heap after
{Heap after GC invocations=55 (full 0):
 garbage-first heap   total 210944K, used 100540K [0x0000000080000000, 0x0000000100000000)
  region size 1024K, 2 young (2048K), 2 survivors (2048K)
 Metaspace       used 102743K, capacity 105362K, committed 105532K, reserved 1140736K
  class space    used 13153K, capacity 14161K, committed 14284K, reserved 1048576K
}
Event: 48.600 GC heap before
{Heap before GC invocations=56 (full 0):
 garbage-first heap   total 210944K, used 160956K [0x0000000080000000, 0x0000000100000000)
  region size 1024K, 61 young (62464K), 2 survivors (2048K)
 Metaspace       used 102941K, capacity 105632K, committed 105788K, reserved 1140736K
  class space    used 13153K, capacity 14161K, committed 14284K, reserved 1048576K
}
Event: 48.607 GC heap after
{Heap after GC invocations=57 (full 0):
 garbage-first heap   total 210944K, used 100813K [0x0000000080000000, 0x0000000100000000)
  region size 1024K, 3 young (3072K), 3 survivors (3072K)
 Metaspace       used 102941K, capacity 105632K, committed 105788K, reserved 1140736K
  class space    used 13153K, capacity 14161K, committed 14284K, reserved 1048576K
}
Event: 49.009 GC heap before
{Heap before GC invocations=57 (full 0):
 garbage-first heap   total 210944K, used 163277K [0x0000000080000000, 0x0000000100000000)
  region size 1024K, 64 young (65536K), 3 survivors (3072K)
 Metaspace       used 103076K, capacity 105701K, committed 106044K, reserved 1140736K
  class space    used 13153K, capacity 14161K, committed 14284K, reserved 1048576K
}
Event: 49.018 GC heap after
{Heap after GC invocations=58 (full 0):
 garbage-first heap   total 210944K, used 101171K [0x0000000080000000, 0x0000000100000000)
  region size 1024K, 3 young (3072K), 3 survivors (3072K)
 Metaspace       used 103076K, capacity 105701K, committed 106044K, reserved 1140736K
  class space    used 13153K, capacity 14161K, committed 14284K, reserved 1048576K
}
Event: 49.459 GC heap before
{Heap before GC invocations=59 (full 0):
 garbage-first heap   total 210944K, used 165683K [0x0000000080000000, 0x0000000100000000)
  region size 1024K, 66 young (67584K), 3 survivors (3072K)
 Metaspace       used 103154K, capacity 105796K, committed 106044K, reserved 1140736K
  class space    used 13160K, capacity 14168K, committed 14284K, reserved 1048576K
}
Event: 49.467 GC heap after
{Heap after GC invocations=60 (full 0):
 garbage-first heap   total 210944K, used 101403K [0x0000000080000000, 0x0000000100000000)
  region size 1024K, 3 young (3072K), 3 survivors (3072K)
 Metaspace       used 103154K, capacity 105796K, committed 106044K, reserved 1140736K
  class space    used 13160K, capacity 14168K, committed 14284K, reserved 1048576K
}
Event: 49.798 GC heap before
{Heap before GC invocations=60 (full 0):
 garbage-first heap   total 210944K, used 167963K [0x0000000080000000, 0x0000000100000000)
  region size 1024K, 68 young (69632K), 3 survivors (3072K)
 Metaspace       used 103287K, capacity 105974K, committed 106300K, reserved 1140736K
  class space    used 13172K, capacity 14185K, committed 14284K, reserved 1048576K
}
Event: 49.807 GC heap after
{Heap after GC invocations=61 (full 0):
 garbage-first heap   total 253952K, used 101550K [0x0000000080000000, 0x0000000100000000)
  region size 1024K, 3 young (3072K), 3 survivors (3072K)
 Metaspace       used 103287K, capacity 105974K, committed 106300K, reserved 1140736K
  class space    used 13172K, capacity 14185K, committed 14284K, reserved 1048576K
}
Event: 50.428 GC heap before
{Heap before GC invocations=62 (full 0):
 garbage-first heap   total 253952K, used 189614K [0x0000000080000000, 0x0000000100000000)
  region size 1024K, 90 young (92160K), 3 survivors (3072K)
 Metaspace       used 104316K, capacity 107040K, committed 107196K, reserved 1142784K
  class space    used 13315K, capacity 14365K, committed 14412K, reserved 1048576K
}
Event: 50.437 GC heap after
{Heap after GC invocations=63 (full 0):
 garbage-first heap   total 253952K, used 102405K [0x0000000080000000, 0x0000000100000000)
  region size 1024K, 4 young (4096K), 4 survivors (4096K)
 Metaspace       used 104316K, capacity 107040K, committed 107196K, reserved 1142784K
  class space    used 13315K, capacity 14365K, committed 14412K, reserved 1048576K
}
Event: 50.960 GC heap before
{Heap before GC invocations=63 (full 0):
 garbage-first heap   total 253952K, used 195589K [0x0000000080000000, 0x0000000100000000)
  region size 1024K, 96 young (98304K), 4 survivors (4096K)
 Metaspace       used 104909K, capacity 107682K, committed 107836K, reserved 1142784K
  class space    used 13394K, capacity 14469K, committed 14540K, reserved 1048576K
}
Event: 50.969 GC heap after
{Heap after GC invocations=64 (full 0):
 garbage-first heap   total 253952K, used 102507K [0x0000000080000000, 0x0000000100000000)
  region size 1024K, 4 young (4096K), 4 survivors (4096K)
 Metaspace       used 104909K, capacity 107682K, committed 107836K, reserved 1142784K
  class space    used 13394K, capacity 14469K, committed 14540K, reserved 1048576K
}
Event: 51.657 GC heap before
{Heap before GC invocations=64 (full 0):
 garbage-first heap   total 253952K, used 202859K [0x0000000080000000, 0x0000000100000000)
  region size 1024K, 102 young (104448K), 4 survivors (4096K)
 Metaspace       used 105354K, capacity 108274K, committed 108476K, reserved 1142784K
  class space    used 13457K, capacity 14572K, committed 14668K, reserved 1048576K
}
Event: 51.667 GC heap after
{Heap after GC invocations=65 (full 0):
 garbage-first heap   total 253952K, used 104108K [0x0000000080000000, 0x0000000100000000)
  region size 1024K, 6 young (6144K), 6 survivors (6144K)
 Metaspace       used 105354K, capacity 108274K, committed 108476K, reserved 1142784K
  class space    used 13457K, capacity 14572K, committed 14668K, reserved 1048576K
}
Event: 52.763 GC heap before
{Heap before GC invocations=65 (full 0):
 garbage-first heap   total 253952K, used 208556K [0x0000000080000000, 0x0000000100000000)
  region size 1024K, 107 young (109568K), 6 survivors (6144K)
 Metaspace       used 105440K, capacity 108310K, committed 108476K, reserved 1142784K
  class space    used 13459K, capacity 14577K, committed 14668K, reserved 1048576K
}

