# JRE version: OpenJDK Runtime Environment (11.0.13) (build 11.0.13+0-b1751.21-8125866)
# Java VM: OpenJDK 64-Bit Server VM (11.0.13+0-b1751.21-8125866, mixed mode, tiered, compressed oops, g1 gc, windows-amd64)
Heap:
 garbage-first heap   total 305152K, used 209797K [0x0000000080000000, 0x0000000100000000)
  region size 1024K, 50 young (51200K), 3 survivors (3072K)
 Metaspace       used 124699K, capacity 128581K, committed 128816K, reserved 1161216K
  class space    used 15727K, capacity 17195K, committed 17280K, reserved 1048576K
GC Heap History (20 events):
Event: 386.992 GC heap before
{Heap before GC invocations=80 (full 0):
 garbage-first heap   total 210944K, used 178038K [0x0000000080000000, 0x0000000100000000)
  region size 1024K, 23 young (23552K), 2 survivors (2048K)
 Metaspace       used 118816K, capacity 122647K, committed 122800K, reserved 1155072K
  class space    used 15048K, capacity 16547K, committed 16640K, reserved 1048576K
}
Event: 387.002 GC heap after
{Heap after GC invocations=81 (full 0):
 garbage-first heap   total 210944K, used 159834K [0x0000000080000000, 0x0000000100000000)
  region size 1024K, 3 young (3072K), 3 survivors (3072K)
 Metaspace       used 118816K, capacity 122647K, committed 122800K, reserved 1155072K
  class space    used 15048K, capacity 16547K, committed 16640K, reserved 1048576K
}
Event: 387.271 GC heap before
{Heap before GC invocations=82 (full 0):
 garbage-first heap   total 210944K, used 178266K [0x0000000080000000, 0x0000000100000000)
  region size 1024K, 22 young (22528K), 3 survivors (3072K)
 Metaspace       used 119896K, capacity 123391K, committed 124592K, reserved 1157120K
  class space    used 15091K, capacity 16371K, committed 16896K, reserved 1048576K
}
Event: 387.280 GC heap after
{Heap after GC invocations=83 (full 0):
 garbage-first heap   total 210944K, used 161843K [0x0000000080000000, 0x0000000100000000)
  region size 1024K, 3 young (3072K), 3 survivors (3072K)
 Metaspace       used 119896K, capacity 123391K, committed 124592K, reserved 1157120K
  class space    used 15091K, capacity 16371K, committed 16896K, reserved 1048576K
}
Event: 387.355 GC heap before
{Heap before GC invocations=83 (full 0):
 garbage-first heap   total 210944K, used 169011K [0x0000000080000000, 0x0000000100000000)
  region size 1024K, 10 young (10240K), 3 survivors (3072K)
 Metaspace       used 120448K, capacity 123955K, committed 125232K, reserved 1157120K
  class space    used 15195K, capacity 16495K, committed 17024K, reserved 1048576K
}
Event: 387.366 GC heap after
{Heap after GC invocations=84 (full 0):
 garbage-first heap   total 253952K, used 162315K [0x0000000080000000, 0x0000000100000000)
  region size 1024K, 1 young (1024K), 1 survivors (1024K)
 Metaspace       used 120448K, capacity 123955K, committed 125232K, reserved 1157120K
  class space    used 15195K, capacity 16495K, committed 17024K, reserved 1048576K
}
Event: 387.744 GC heap before
{Heap before GC invocations=84 (full 0):
 garbage-first heap   total 253952K, used 197131K [0x0000000080000000, 0x0000000100000000)
  region size 1024K, 35 young (35840K), 1 survivors (1024K)
 Metaspace       used 122024K, capacity 125632K, committed 126640K, reserved 1159168K
  class space    used 15396K, capacity 16722K, committed 17152K, reserved 1048576K
}
Event: 387.749 GC heap after
{Heap after GC invocations=85 (full 0):
 garbage-first heap   total 253952K, used 162741K [0x0000000080000000, 0x0000000100000000)
  region size 1024K, 2 young (2048K), 2 survivors (2048K)
 Metaspace       used 122024K, capacity 125632K, committed 126640K, reserved 1159168K
  class space    used 15396K, capacity 16722K, committed 17152K, reserved 1048576K
}
Event: 388.187 GC heap before
{Heap before GC invocations=85 (full 0):
 garbage-first heap   total 253952K, used 199605K [0x0000000080000000, 0x0000000100000000)
  region size 1024K, 38 young (38912K), 2 survivors (2048K)
 Metaspace       used 122820K, capacity 126519K, committed 127280K, reserved 1159168K
  class space    used 15537K, capacity 16915K, committed 17280K, reserved 1048576K
}
Event: 388.192 GC heap after
{Heap after GC invocations=86 (full 0):
 garbage-first heap   total 253952K, used 162974K [0x0000000080000000, 0x0000000100000000)
  region size 1024K, 2 young (2048K), 2 survivors (2048K)
 Metaspace       used 122820K, capacity 126519K, committed 127280K, reserved 1159168K
  class space    used 15537K, capacity 16915K, committed 17280K, reserved 1048576K
}
Event: 388.515 GC heap before
{Heap before GC invocations=86 (full 0):
 garbage-first heap   total 253952K, used 201886K [0x0000000080000000, 0x0000000100000000)
  region size 1024K, 41 young (41984K), 2 survivors (2048K)
 Metaspace       used 123826K, capacity 127687K, committed 128048K, reserved 1161216K
  class space    used 15680K, capacity 17136K, committed 17280K, reserved 1048576K
}
Event: 388.520 GC heap after
{Heap after GC invocations=87 (full 0):
 garbage-first heap   total 253952K, used 163846K [0x0000000080000000, 0x0000000100000000)
  region size 1024K, 3 young (3072K), 3 survivors (3072K)
 Metaspace       used 123826K, capacity 127687K, committed 128048K, reserved 1161216K
  class space    used 15680K, capacity 17136K, committed 17280K, reserved 1048576K
}
Event: 388.807 GC heap before
{Heap before GC invocations=87 (full 0):
 garbage-first heap   total 253952K, used 203782K [0x0000000080000000, 0x0000000100000000)
  region size 1024K, 43 young (44032K), 3 survivors (3072K)
 Metaspace       used 124156K, capacity 128027K, committed 128304K, reserved 1161216K
  class space    used 15713K, capacity 17184K, committed 17280K, reserved 1048576K
}
Event: 388.812 GC heap after
{Heap after GC invocations=88 (full 0):
 garbage-first heap   total 253952K, used 163287K [0x0000000080000000, 0x0000000100000000)
  region size 1024K, 2 young (2048K), 2 survivors (2048K)
 Metaspace       used 124156K, capacity 128027K, committed 128304K, reserved 1161216K
  class space    used 15713K, capacity 17184K, committed 17280K, reserved 1048576K
}
Event: 388.986 GC heap before
{Heap before GC invocations=88 (full 0):
 garbage-first heap   total 253952K, used 207319K [0x0000000080000000, 0x0000000100000000)
  region size 1024K, 45 young (46080K), 2 survivors (2048K)
 Metaspace       used 124246K, capacity 128161K, committed 128304K, reserved 1161216K
  class space    used 15714K, capacity 17185K, committed 17280K, reserved 1048576K
}
Event: 388.991 GC heap after
{Heap after GC invocations=89 (full 0):
 garbage-first heap   total 253952K, used 163354K [0x0000000080000000, 0x0000000100000000)
  region size 1024K, 2 young (2048K), 2 survivors (2048K)
 Metaspace       used 124246K, capacity 128161K, committed 128304K, reserved 1161216K
  class space    used 15714K, capacity 17185K, committed 17280K, reserved 1048576K
}
Event: 389.138 GC heap before
{Heap before GC invocations=89 (full 0):
 garbage-first heap   total 253952K, used 208410K [0x0000000080000000, 0x0000000100000000)
  region size 1024K, 47 young (48128K), 2 survivors (2048K)
 Metaspace       used 124304K, capacity 128166K, committed 128304K, reserved 1161216K
  class space    used 15723K, capacity 17187K, committed 17280K, reserved 1048576K
}
Event: 389.143 GC heap after
{Heap after GC invocations=90 (full 0):
 garbage-first heap   total 253952K, used 163932K [0x0000000080000000, 0x0000000100000000)
  region size 1024K, 3 young (3072K), 3 survivors (3072K)
 Metaspace       used 124304K, capacity 128166K, committed 128304K, reserved 1161216K
  class space    used 15723K, capacity 17187K, committed 17280K, reserved 1048576K
}
Event: 389.319 GC heap before
{Heap before GC invocations=90 (full 0):
 garbage-first heap   total 253952K, used 211036K [0x0000000080000000, 0x0000000100000000)
  region size 1024K, 49 young (50176K), 3 survivors (3072K)
 Metaspace       used 124331K, capacity 128238K, committed 128560K, reserved 1161216K
  class space    used 15724K, capacity 17190K, committed 17280K, reserved 1048576K
}
Event: 389.327 GC heap after
{Heap after GC invocations=91 (full 0):
 garbage-first heap   total 305152K, used 163717K [0x0000000080000000, 0x0000000100000000)
  region size 1024K, 3 young (3072K), 3 survivors (3072K)
 Metaspace       used 124331K, capacity 128238K, committed 128560K, reserved 1161216K
  class space    used 15724K, capacity 17190K, committed 17280K, reserved 1048576K
}

